#
# There is insufficient memory for the Java Runtime Environment to continue.
# Native memory allocation (mmap) failed to map 134217728 bytes for G1 virtual space
# Possible reasons:
#   The system is out of physical RAM or swap space
#   The process is running with CompressedOops enabled, and the Java Heap may be blocking the growth of the native heap
# Possible solutions:
#   Reduce memory load on the system
#   Increase physical memory or swap space
#   Check if swap backing store is full
#   Decrease Java heap size (-Xmx/-Xms)
#   Decrease number of Java threads
#   Decrease Java thread stack sizes (-Xss)
#   Set larger code cache with -XX:ReservedCodeCacheSize=
#   JVM is running with Unscaled Compressed Oops mode in which the Java heap is
#     placed in the first 4GB address space. The Java Heap base address is the
#     maximum limit for the native heap growth. Please use -XX:HeapBaseMinAddress
#     to set the Java Heap base and to place the Java Heap above 4GB virtual address.
# This output file may be truncated or incomplete.
#
#  Out of Memory Error (os_windows.cpp:3600), pid=8872, tid=12260
#
# JRE version:  (21.0.1+12) (build )
# Java VM: OpenJDK 64-Bit Server VM (21.0.1+12-29, mixed mode, emulated-client, sharing, tiered, compressed oops, compressed class ptrs, g1 gc, windows-amd64)
# No core dump will be written. Minidumps are not enabled by default on client versions of Windows
#

---------------  S U M M A R Y ------------

Command Line: -XX:TieredStopAtLevel=1 -Dfile.encoding=windows-1252 -Duser.country=US -Duser.language=en -Duser.variant org.launchcode.hellospring.HelloSpringApplication

Host: Intel(R) Core(TM) i5-9300H CPU @ 2.40GHz, 8 cores, 7G,  Windows 10 , 64 bit Build 19041 (10.0.19041.3636)
Time: Sun Dec 17 15:12:06 2023 GTB Standard Time elapsed time: 0.025072 seconds (0d 0h 0m 0s)

---------------  T H R E A D  ---------------

Current thread (0x000002de89a675e0):  JavaThread "Unknown thread" [_thread_in_vm, id=12260, stack(0x000000f1adc00000,0x000000f1add00000) (1024K)]

Stack: [0x000000f1adc00000,0x000000f1add00000]
Native frames: (J=compiled Java code, j=interpreted, Vv=VM code, C=native code)
V  [jvm.dll+0x6c9029]
V  [jvm.dll+0x854b81]
V  [jvm.dll+0x856e5e]
V  [jvm.dll+0x857543]
V  [jvm.dll+0x280c06]
V  [jvm.dll+0x6c5715]
V  [jvm.dll+0x6ba10a]
V  [jvm.dll+0x3557ea]
V  [jvm.dll+0x35d436]
V  [jvm.dll+0x3ae1be]
V  [jvm.dll+0x3ae468]
V  [jvm.dll+0x3291fc]
V  [jvm.dll+0x329d8b]
V  [jvm.dll+0x81d179]
V  [jvm.dll+0x3bb4f1]
V  [jvm.dll+0x805ae8]
V  [jvm.dll+0x44effe]
V  [jvm.dll+0x450901]
C  [jli.dll+0x52a3]
C  [ucrtbase.dll+0x21bb2]
C  [KERNEL32.DLL+0x17344]
C  [ntdll.dll+0x526b1]


---------------  P R O C E S S  ---------------

Threads class SMR info:
_java_thread_list=0x00007ff9a56d9b88, length=0, elements={
}

Java Threads: ( => current thread )
Total: 0

Other Threads:
  0x000002de8bd34a50 WorkerThread "GC Thread#0"                     [id=21900, stack(0x000000f1add00000,0x000000f1ade00000) (1024K)]
  0x000002de8bd46780 ConcurrentGCThread "G1 Main Marker"            [id=2192, stack(0x000000f1ade00000,0x000000f1adf00000) (1024K)]
  0x000002de8bd47190 WorkerThread "G1 Conc#0"                       [id=22432, stack(0x000000f1adf00000,0x000000f1ae000000) (1024K)]

[error occurred during error reporting (printing all threads), id 0xc0000005, EXCEPTION_ACCESS_VIOLATION (0xc0000005) at pc=0x00007ff9a4e4c2c7]
VM state: not at safepoint (not fully initialized)

VM Mutex/Monitor currently owned by a thread:  ([mutex/lock_event])
[0x00007ff9a574a6f8] Heap_lock - owner thread: 0x000002de89a675e0

Heap address: 0x0000000081c00000, size: 2020 MB, Compressed Oops mode: 32-bit

CDS archive(s) mapped at: [0x0000000000000000-0x0000000000000000-0x0000000000000000), size 0, SharedBaseAddress: 0x0000000800000000, ArchiveRelocationMode: 1.
Narrow klass base: 0x0000000000000000, Narrow klass shift: 0, Narrow klass range: 0x0

GC Precious Log:
 CardTable entry size: 512
 Card Set container configuration: InlinePtr #cards 5 size 8 Array Of Cards #cards 12 size 40 Howl #buckets 4 coarsen threshold 1843 Howl Bitmap #cards 512 size 80 coarsen threshold 460 Card regions per heap region 1 cards per card region 2048

Heap:
 garbage-first heap   total 0K, used 0K [0x0000000081c00000, 0x0000000100000000)
  region size 1024K, 0 young (0K), 0 survivors (0K)

[error occurred during error reporting (printing heap information), id 0xc0000005, EXCEPTION_ACCESS_VIOLATION (0xc0000005) at pc=0x00007ff9a5231be9]
GC Heap History (0 events):
No events

Dll operation events (1 events):
Event: 0.014 Loaded shared library C:\Users\lenovo\.jdks\openjdk-21.0.1\bin\java.dll

Deoptimization events (0 events):
No events

Classes loaded (0 events):
No events

Classes unloaded (0 events):
No events

Classes redefined (0 events):
No events

Internal exceptions (0 events):
No events

ZGC Phase Switch (0 events):
No events

VM Operations (0 events):
No events

Events (0 events):
No events


Dynamic libraries:
0x00007ff7f8340000 - 0x00007ff7f834e000 	C:\Users\lenovo\.jdks\openjdk-21.0.1\bin\java.exe
0x00007ffa01e50000 - 0x00007ffa02048000 	C:\WINDOWS\SYSTEM32\ntdll.dll
0x00007ffa003e0000 - 0x00007ffa0049d000 	C:\WINDOWS\System32\KERNEL32.DLL
0x00007ff9ffa30000 - 0x00007ff9ffd26000 	C:\WINDOWS\System32\KERNELBASE.dll
0x00007ff9ff890000 - 0x00007ff9ff990000 	C:\WINDOWS\System32\ucrtbase.dll
0x00007ff9f8690000 - 0x00007ff9f86a8000 	C:\Users\lenovo\.jdks\openjdk-21.0.1\bin\jli.dll
0x00007ff9f86b0000 - 0x00007ff9f86cb000 	C:\Users\lenovo\.jdks\openjdk-21.0.1\bin\VCRUNTIME140.dll
0x00007ffa017a0000 - 0x00007ffa0193e000 	C:\WINDOWS\System32\USER32.dll
0x00007ff9ff7b0000 - 0x00007ff9ff7d2000 	C:\WINDOWS\System32\win32u.dll
0x00007ff9e42a0000 - 0x00007ff9e453a000 	C:\WINDOWS\WinSxS\amd64_microsoft.windows.common-controls_6595b64144ccf1df_6.0.19041.3636_none_60b6a03d71f818d5\COMCTL32.dll
0x00007ffa00880000 - 0x00007ffa008ac000 	C:\WINDOWS\System32\GDI32.dll
0x00007ffa007e0000 - 0x00007ffa0087e000 	C:\WINDOWS\System32\msvcrt.dll
0x00007ff9ff690000 - 0x00007ff9ff7aa000 	C:\WINDOWS\System32\gdi32full.dll
0x00007ff9ff990000 - 0x00007ff9ffa2d000 	C:\WINDOWS\System32\msvcp_win.dll
0x00007ffa00680000 - 0x00007ffa006b0000 	C:\WINDOWS\System32\IMM32.DLL
0x00007ff9f85e0000 - 0x00007ff9f85ec000 	C:\Users\lenovo\.jdks\openjdk-21.0.1\bin\vcruntime140_1.dll
0x00007ff9d6270000 - 0x00007ff9d62fe000 	C:\Users\lenovo\.jdks\openjdk-21.0.1\bin\msvcp140.dll
0x00007ff9a4b10000 - 0x00007ff9a5825000 	C:\Users\lenovo\.jdks\openjdk-21.0.1\bin\server\jvm.dll
0x00007ffa00330000 - 0x00007ffa003df000 	C:\WINDOWS\System32\ADVAPI32.dll
0x00007ffa01120000 - 0x00007ffa011bc000 	C:\WINDOWS\System32\sechost.dll
0x00007ffa006b0000 - 0x00007ffa007d6000 	C:\WINDOWS\System32\RPCRT4.dll
0x00007ffa00940000 - 0x00007ffa009ab000 	C:\WINDOWS\System32\WS2_32.dll
0x00007ff9ff390000 - 0x00007ff9ff3db000 	C:\WINDOWS\SYSTEM32\POWRPROF.dll
0x00007ff9f44a0000 - 0x00007ff9f44aa000 	C:\WINDOWS\SYSTEM32\VERSION.dll
0x00007ff9ea510000 - 0x00007ff9ea537000 	C:\WINDOWS\SYSTEM32\WINMM.dll
0x00007ff9ff370000 - 0x00007ff9ff382000 	C:\WINDOWS\SYSTEM32\UMPDC.dll
0x00007ff9fdd40000 - 0x00007ff9fdd52000 	C:\WINDOWS\SYSTEM32\kernel.appcore.dll
0x00007ff9f5450000 - 0x00007ff9f545a000 	C:\Users\lenovo\.jdks\openjdk-21.0.1\bin\jimage.dll
0x00007ff9fd2b0000 - 0x00007ff9fd494000 	C:\WINDOWS\SYSTEM32\DBGHELP.DLL
0x00007ff9e7f60000 - 0x00007ff9e7f94000 	C:\WINDOWS\SYSTEM32\dbgcore.DLL
0x00007ff9ffd60000 - 0x00007ff9ffde2000 	C:\WINDOWS\System32\bcryptPrimitives.dll
0x00007ff9e98c0000 - 0x00007ff9e98df000 	C:\Users\lenovo\.jdks\openjdk-21.0.1\bin\java.dll

dbghelp: loaded successfully - version: 4.0.5 - missing functions: none
symbol engine: initialized successfully - sym options: 0x614 - pdb path: .;C:\Users\lenovo\.jdks\openjdk-21.0.1\bin;C:\WINDOWS\SYSTEM32;C:\WINDOWS\WinSxS\amd64_microsoft.windows.common-controls_6595b64144ccf1df_6.0.19041.3636_none_60b6a03d71f818d5;C:\Users\lenovo\.jdks\openjdk-21.0.1\bin\server

VM Arguments:
jvm_args: -XX:TieredStopAtLevel=1 -Dfile.encoding=windows-1252 -Duser.country=US -Duser.language=en -Duser.variant 
java_command: org.launchcode.hellospring.HelloSpringApplication
java_class_path (initial): D:\lab11IS\hello-spring\hello-spring\build\classes\java\main;D:\lab11IS\hello-spring\hello-spring\build\resources\main;C:\Users\lenovo\.gradle\caches\modules-2\files-2.1\org.springframework.boot\spring-boot-devtools\3.2.0\b8a547cba9b5ea40c1b2b0257bc0f19ebe4a0e17\spring-boot-devtools-3.2.0.jar;C:\Users\lenovo\.gradle\caches\modules-2\files-2.1\org.springframework.boot\spring-boot-autoconfigure\3.2.0\29b231378146bd6606e75389297f3a7d55476b87\spring-boot-autoconfigure-3.2.0.jar;C:\Users\lenovo\.gradle\caches\modules-2\files-2.1\org.springframework.boot\spring-boot\3.2.0\4088ad23df91481bc7415cbfa068c423ccb7e54e\spring-boot-3.2.0.jar;C:\Users\lenovo\.gradle\caches\modules-2\files-2.1\org.springframework\spring-webmvc\6.1.1\76c4408b67828aa9656f5955dc2c1c4c0e1b6da3\spring-webmvc-6.1.1.jar;C:\Users\lenovo\.gradle\caches\modules-2\files-2.1\org.springframework\spring-web\6.1.1\4eeb5f2edb9f04d00357edcc56b59d3874b3b453\spring-web-6.1.1.jar;C:\Users\lenovo\.gradle\caches\modules-2\files-2.1\org.thymeleaf\thymeleaf-spring6\3.1.2.RELEASE\6030c7b4e260c41336f378e53da6e8531263f24b\thymeleaf-spring6-3.1.2.RELEASE.jar;C:\Users\lenovo\.gradle\caches\modules-2\files-2.1\org.springframework\spring-context\6.1.1\610d7dd3f62d22d42b993a201e3110649b68e17\spring-context-6.1.1.jar;C:\Users\lenovo\.gradle\caches\modules-2\files-2.1\org.springframework\spring-aop\6.1.1\66cb0e08770d4523ae3976b0b791cde767466c61\spring-aop-6.1.1.jar;C:\Users\lenovo\.gradle\caches\modules-2\files-2.1\org.springframework\spring-beans\6.1.1\6af88af13193acf2197bc0a42f0ec4e5c481bfe9\spring-beans-6.1.1.jar;C:\Users\lenovo\.gradle\caches\modules-2\files-2.1\org.springframework\spring-expression\6.1.1\807700a64cb055ed85af189d1fa0702bc0d2efba\spring-expression-6.1.1.jar;C:\Users\lenovo\.gradle\caches\modules-2\files-2.1\org.springframework\spring-core\6.1.1\22d73bef97aff8a74a992716fe1aafc8f8a8a68d\spring-core-6.1.1.jar;C:\Users\lenovo\.gradle\caches\modules-2\files-2.1\jakarta.annotation\jakarta.annotation-api\2.1.1\48b9bda22b091b1f48b13af03fe36db3be6e1ae3\jakarta.annotation-api-2.1.1.jar;C:\Users\lenovo\.gradle\caches\modules-2\files-2.1\org.yaml\snakeyaml\2.2\3af797a25458550a16bf89acc8e4ab2b7f2bfce0\snakeyaml-2.2.jar;C:\Users\lenovo\.gradle\caches\modules-2\files-2.1\com.fasterxml.jackson.datatype\jackson-datatype-jsr310\2.15.3\4a20a0e104931bfa72f24ef358c2eb63f1ef2aaf\jackson-datatype-jsr310-2.15.3.jar;C:\Users\lenovo\.gradle\caches\modules-2\files-2.1\com.fasterxml.jackson.module\jackson-module-parameter-names\2.15.3\8d251b90c5358677e7d8161e0c2488e6f84f49da\jackson-module-parameter-names-2.15.3.jar;C:\Users\lenovo\.gradle\caches\modules-2\files-2.1\com.fasterxml.jackson.core\jackson-annotations\2.15.3\79baf4e605eb3bbb60b1c475d44a7aecceea1d60\jackson-annotations-2.15.3.jar;C:\Users\lenovo\.gradle\caches\modules-2\files-2.1\com.fasterxml.jackson.core\jackson-core\2.15.3\60d600567c1862840397bf9ff5a92398edc5797b\jackson-core-2.15.3.jar;C:\Users\lenovo\.gradle\caches\modules-2\files-2.1\com.fasterxml.jackson.datatype\jackson-datatype-jdk8\2.15.3\80158cb020c7bd4e4ba94d8d752a65729dc943b2\jackson-datatype-jdk8-2.15.3.jar;C:\Users\lenovo\.gradle\caches\modules-2\files-2.1\com.fasterxml.jackson.core\jackson-databind\2.15.3\a734bc2c47a9453c4efa772461a3aeb273c010d9\jackson-databind-2.15.3.jar;C:\Users\lenovo\.gradle\caches\modules-2\files-2.1\org.apache.tomcat.embed\tomcat-embed-websocket\10.1.16\5c372739ee9409b47c474d8d47d276a7cd9bc2b\tomcat-embed-websocket-10.1.16.jar;C:\Users\lenovo\.gradle\caches\modules-2\files-2.1\org.apache.tomcat.embed\tomcat-embed-core\10.1.16\176162fb3998856a90436826034ffe5d25beaeb9\tomcat-embed-core-10.1.16.jar;C:\Users\lenovo\.gradle\caches\modules-2\files-2.1\org.apache.tomcat.embed\tomcat-embed-el\10.1.16\f057e54bfffe99df7f0d04cd4e688e55bf8a0da5\tomcat-embed-el-10.1.16.jar;C:\Users\lenovo\.gradle\caches\modules-2\files-2.1\io.micrometer\micrometer-observation\1.12.0\4f4981faa7968441d0092107df9b750e057374af\micrometer-observation-1.12.0.jar;C:\Users\lenovo\.gradle\caches\modules-2\files-2.1\org.thymeleaf\thymeleaf\3.1.2.RELEASE\273997509a4c7aef86cee0521750140c587d9be2\thymeleaf-3.1.2.RELEASE.jar;C:\Users\lenovo\.gradle\caches\modules-2\files-2.1\ch.qos.logback\logback-classic\1.4.11\54450c0c783e896a1a6d88c043bd2f1daba1c382\logback-classic-1.4.11.jar;C:\Users\lenovo\.gradle\caches\modules-2\files-2.1\org.apache.logging.log4j\log4j-to-slf4j\2.21.1\d77b2ba81711ed596cd797cc2b5b5bd7409d841c\log4j-to-slf4j-2.21.1.jar;C:\Users\lenovo\.gradle\caches\modules-2\files-2.1\org.slf4j\jul-to-slf4j\2.0.9\9ef7c70b248185845f013f49a33ff9ca65b7975\jul-to-slf4j-2.0.9.jar;C:\Users\lenovo\.gradle\caches\modules-2\files-2.1\org.slf4j\slf4j-api\2.0.9\7cf2726fdcfbc8610f9a71fb3ed639871f315340\slf4j-api-2.0.9.jar;C:\Users\lenovo\.gradle\caches\modules-2\files-2.1\org.springframework\spring-jcl\6.1.1\69ebbf7bad707d34e81d00213c756bc6fcc31dd7\spring-jcl-6.1.1.jar;C:\Users\lenovo\.gradle\caches\modules-2\files-2.1\io.micrometer\micrometer-commons\1.12.0\2436654d439bd4ff6aad6419519357be8ba4f0d\micrometer-commons-1.12.0.jar;C:\Users\lenovo\.gradle\caches\modules-2\files-2.1\org.attoparser\attoparser\2.0.7.RELEASE\e5d0e988d9124139d645bb5872b24dfa23e283cc\attoparser-2.0.7.RELEASE.jar;C:\Users\lenovo\.gradle\caches\modules-2\files-2.1\org.unbescape\unbescape\1.1.6.RELEASE\7b90360afb2b860e09e8347112800d12c12b2a13\unbescape-1.1.6.RELEASE.jar;C:\Users\lenovo\.gradle\caches\modules-2\files-2.1\ch.qos.logback\logback-core\1.4.11\2f9f280219a9922a74200eaf7138c4c17fb87c0f\logback-core-1.4.11.jar;C:\Users\lenovo\.gradle\caches\modules-2\files-2.1\org.apache.logging.log4j\log4j-api\2.21.1\74c65e87b9ce1694a01524e192d7be989ba70486\log4j-api-2.21.1.jar
Launcher Type: SUN_STANDARD

[Global flags]
     intx CICompilerCount                          = 4                                         {product} {ergonomic}
     uint ConcGCThreads                            = 2                                         {product} {ergonomic}
     uint G1ConcRefinementThreads                  = 8                                         {product} {ergonomic}
   size_t G1HeapRegionSize                         = 1048576                                   {product} {ergonomic}
    uintx GCDrainStackTargetSize                   = 64                                        {product} {ergonomic}
   size_t InitialHeapSize                          = 134217728                                 {product} {ergonomic}
   size_t MarkStackSize                            = 4194304                                   {product} {ergonomic}
   size_t MaxHeapSize                              = 2118123520                                {product} {ergonomic}
   size_t MinHeapDeltaBytes                        = 1048576                                   {product} {ergonomic}
   size_t MinHeapSize                              = 8388608                                   {product} {ergonomic}
    uintx NonNMethodCodeHeapSize                   = 4096                                   {pd product} {ergonomic}
    uintx NonProfiledCodeHeapSize                  = 0                                      {pd product} {ergonomic}
     bool ProfileInterpreter                       = false                                  {pd product} {command line}
    uintx ProfiledCodeHeapSize                     = 0                                      {pd product} {ergonomic}
   size_t SoftMaxHeapSize                          = 2118123520                             {manageable} {ergonomic}
     intx TieredStopAtLevel                        = 1                                         {product} {command line}
     bool UseCompressedOops                        = true                           {product lp64_product} {ergonomic}
     bool UseG1GC                                  = true                                      {product} {ergonomic}
     bool UseLargePagesIndividualAllocation        = false                                  {pd product} {ergonomic}

Logging:
Log output configuration:
 #0: stdout all=warning uptime,level,tags foldmultilines=false
 #1: stderr all=off uptime,level,tags foldmultilines=false

Environment Variables:
JAVA_HOME=C:\Program Files\Java\jdk-17
PATH=C:\Program Files\Common Files\Oracle\Java\javapath;C:\Python310\Scripts\;C:\Python310\;C:\Program Files (x86)\Common Files\Oracle\Java\javapath;C:\Windows\system32;C:\Windows;C:\Windows\System32\Wbem;C:\Windows\System32\WindowsPowerShell\v1.0\;C:\Windows\System32\OpenSSH\;C:\WINDOWS\system32;C:\WINDOWS;C:\WINDOWS\System32\Wbem;C:\WINDOWS\System32\WindowsPowerShell\v1.0\;C:\WINDOWS\System32\OpenSSH\;C:\Program Files (x86)\NVIDIA Corporation\PhysX\Common;C:\Program Files\NVIDIA Corporation\NVIDIA NvDLISR;D:\putty\;C:\WINDOWS\system32;C:\WINDOWS;C:\WINDOWS\System32\Wbem;C:\WINDOWS\System32\WindowsPowerShell\v1.0\;C:\WINDOWS\System32\OpenSSH\;C:\Program Files\dotnet\;C:\Program Files\Microsoft SQL Server\130\Tools\Binn\;C:\PROGRA~2\Aldec\ACTIVE~1.3\BIN;D:\;C:\ProgramData\chocolatey\bin;D:\Git\cmd;D:\MATLAB\bin;C:\Program Files\MySQL\MySQL Server 8.0\bin;C:\Python34\Scripts;C:\Users\lenovo\AppData\Local\Packages\PythonSoftwareFoundation.Python.3.11_qbz5n2kfra8p0\LocalCache\local-packages\Python311\Scripts;C:\Program Files\Common Files\Oracle\Java\javapath;C:\Python310\Scripts\;C:\Python310\;C:\Program Files (x86)\Common Files\Oracle\Java\javapath;C:\Windows\system32;C:\Windows;C:\Windows\System32\Wbem;C:\Windows\System32\WindowsPowerShell\v1.0\;C:\Windows\System32\OpenSSH\;C:\WINDOWS\system32;C:\WINDOWS;C:\WINDOWS\System32\Wbem;C:\WINDOWS\System32\WindowsPowerShell\v1.0\;C:\WINDOWS\System32\OpenSSH\;C:\Program Files (x86)\NVIDIA Corporation\PhysX\Common;C:\Program Files\NVIDIA Corporation\NVIDIA NvDLISR;D:\putty\;C:\WINDOWS\system32;C:\WINDOWS;C:\WINDOWS\System32\Wbem;C:\WINDOWS\System32\WindowsPowerShell\v1.0\;C:\WINDOWS\System32\OpenSSH\;C:\Program Files\dotnet\;C:\Program Files\Microsoft SQL Server\130\Tools\Binn\;C:\PROGRA~2\Aldec\ACTIVE~1.3\BIN;D:\;C:\ProgramData\chocolatey\bin;D:\Git\cmd;D:\MATLAB\bin;C:\Program Files\MySQL\MySQL Server 8.0\bin;D:\ELM\0.19.1\bin;C:\Users\lenovo\AppData\Local\Microsoft\WindowsApps;;D:\OJI\FP\bin\i386-Win32;C:\Program Files (x86)\Nmap;C:\Users\lenovo\.dotnet\tools;D:\CLION;D:\ghcup\bin;D:\visual studio\code\bin
USERNAME=lenovo
OS=Windows_NT
PROCESSOR_IDENTIFIER=Intel64 Family 6 Model 158 Stepping 10, GenuineIntel
TMP=C:\Users\lenovo\AppData\Local\Temp
TEMP=C:\Users\lenovo\AppData\Local\Temp




Periodic native trim disabled

---------------  S Y S T E M  ---------------

OS:
 Windows 10 , 64 bit Build 19041 (10.0.19041.3636)
OS uptime: 10 days 20:31 hours
Hyper-V role detected

CPU: total 8 (initial active 8) (4 cores per cpu, 2 threads per core) family 6 model 158 stepping 10 microcode 0xb4, cx8, cmov, fxsr, ht, mmx, 3dnowpref, sse, sse2, sse3, ssse3, sse4.1, sse4.2, popcnt, lzcnt, tsc, tscinvbit, avx, avx2, aes, erms, clmul, bmi1, bmi2, adx, fma, vzeroupper, clflush, clflushopt, hv, rdtscp, f16c
Processor Information for all 8 processors :
  Max Mhz: 2400, Current Mhz: 2400, Mhz Limit: 2400

Memory: 4k page, system-wide physical 8072M (293M free)
TotalPageFile size 18200M (AvailPageFile size 113M)
current process WorkingSet (physical memory assigned to process): 10M, peak: 10M
current process commit charge ("private bytes"): 55M, peak: 183M

vm_info: OpenJDK 64-Bit Server VM (21.0.1+12-29) for windows-amd64 JRE (21.0.1+12-29), built on 2023-10-05T13:27:09Z by "mach5one" with MS VC++ 17.1 (VS2022)

END.
